************* Module code
/usr/lib/python2.7/code.py:15: [W0622(redefined-builtin), softspace] Redefining built-in 'file'
/usr/lib/python2.7/code.py:28: [C1001(old-style-class), InteractiveInterpreter] Old-style class defined.
/usr/lib/python2.7/code.py:37: [W0622(redefined-builtin), InteractiveInterpreter.__init__] Redefining built-in 'locals'
/usr/lib/python2.7/code.py:106: [W0702(bare-except), InteractiveInterpreter.runcode] No exception type(s) specified
/usr/lib/python2.7/code.py:103: [W0122(exec-used), InteractiveInterpreter.runcode] Use of exec
/usr/lib/python2.7/code.py:138: [W0622(redefined-builtin), InteractiveInterpreter.showsyntaxerror] Redefining built-in 'list'
/usr/lib/python2.7/code.py:124: [W0622(redefined-builtin), InteractiveInterpreter.showsyntaxerror] Redefining built-in 'type'
/usr/lib/python2.7/code.py:131: [W0702(bare-except), InteractiveInterpreter.showsyntaxerror] No exception type(s) specified
/usr/lib/python2.7/code.py:139: [W0141(bad-builtin), InteractiveInterpreter.showsyntaxerror] Used builtin function 'map'. Using a list comprehension can be clearer.
/usr/lib/python2.7/code.py:156: [W0622(redefined-builtin), InteractiveInterpreter.showtraceback] Redefining built-in 'list'
/usr/lib/python2.7/code.py:150: [W0622(redefined-builtin), InteractiveInterpreter.showtraceback] Redefining built-in 'type'
/usr/lib/python2.7/code.py:162: [W0141(bad-builtin), InteractiveInterpreter.showtraceback] Used builtin function 'map'. Using a list comprehension can be clearer.
/usr/lib/python2.7/code.py:182: [W0622(redefined-builtin), InteractiveConsole.__init__] Redefining built-in 'locals'


Report
======
128 statements analysed.

Statistics by type
------------------

+---------+-------+-----------+-----------+------------+---------+
|type     |number |old number |difference |%documented |%badname |
+=========+=======+===========+===========+============+=========+
|module   |1      |1          |=          |100.00      |0.00     |
+---------+-------+-----------+-----------+------------+---------+
|class    |2      |2          |=          |100.00      |0.00     |
+---------+-------+-----------+-----------+------------+---------+
|method   |11     |11         |=          |100.00      |0.00     |
+---------+-------+-----------+-----------+------------+---------+
|function |2      |2          |=          |50.00       |0.00     |
+---------+-------+-----------+-----------+------------+---------+



Raw metrics
-----------

+----------+-------+------+---------+-----------+
|type      |number |%     |previous |difference |
+==========+=======+======+=========+===========+
|code      |138    |44.37 |138      |=          |
+----------+-------+------+---------+-----------+
|docstring |139    |44.69 |139      |=          |
+----------+-------+------+---------+-----------+
|comment   |9      |2.89  |9        |=          |
+----------+-------+------+---------+-----------+
|empty     |25     |8.04  |25       |=          |
+----------+-------+------+---------+-----------+



Duplication
-----------

+-------------------------+------+---------+-----------+
|                         |now   |previous |difference |
+=========================+======+=========+===========+
|nb duplicated lines      |0     |0        |=          |
+-------------------------+------+---------+-----------+
|percent duplicated lines |0.000 |0.000    |=          |
+-------------------------+------+---------+-----------+



Messages by category
--------------------

+-----------+-------+---------+-----------+
|type       |number |previous |difference |
+===========+=======+=========+===========+
|convention |1      |1        |=          |
+-----------+-------+---------+-----------+
|refactor   |0      |0        |=          |
+-----------+-------+---------+-----------+
|warning    |12     |12       |=          |
+-----------+-------+---------+-----------+
|error      |0      |0        |=          |
+-----------+-------+---------+-----------+



Messages
--------

+------------------+------------+
|message id        |occurrences |
+==================+============+
|redefined-builtin |7           |
+------------------+------------+
|bare-except       |2           |
+------------------+------------+
|bad-builtin       |2           |
+------------------+------------+
|old-style-class   |1           |
+------------------+------------+
|exec-used         |1           |
+------------------+------------+



Global evaluation
-----------------
Your code has been rated at 8.98/10 (previous run: 8.98/10, +0.00)

